<?xml version="1.0" encoding="UTF-8"?>
<!-- Generated by org.testng.reporters.JUnitReportReporter -->
<testsuite skipped="1" hostname="TAHEER" name="com.actitime.tests.ValidLoginTest" tests="1" failures="0" timestamp="14 Apr 2018 04:57:28 GMT" time="0.000" errors="0">
  <testcase name="testValidLoginLogout" time="0.000" classname="com.actitime.tests.ValidLoginTest">
    <skipped/>
  </testcase> <!-- testValidLoginLogout -->
</testsuite> <!-- com.actitime.tests.ValidLoginTest -->
